[03:03:37] [ServerMain/INFO]: Environment: Environment[sessionHost=https://sessionserver.mojang.com, servicesHost=https://api.minecraftservices.com, name=PROD]
[03:03:41] [ServerMain/INFO]: Loaded 1290 recipes
[03:03:42] [ServerMain/INFO]: Loaded 1399 advancements
[03:03:43] [Server thread/INFO]: Starting minecraft server version 1.21
[03:03:43] [Server thread/INFO]: Loading properties
[03:03:43] [Server thread/INFO]: Default game type: SURVIVAL
[03:03:43] [Server thread/INFO]: Generating keypair
[03:03:43] [Server thread/INFO]: Starting Minecraft server on *:25565
[03:03:43] [Server thread/INFO]: Using epoll channel type
[03:03:43] [Server thread/WARN]: **** SERVER IS RUNNING IN OFFLINE/INSECURE MODE!
[03:03:43] [Server thread/WARN]: The server will make no attempt to authenticate usernames. Beware.
[03:03:43] [Server thread/WARN]: While this makes the game possible to play without internet access, it also opens up the ability for hackers to connect with any username they choose.
[03:03:43] [Server thread/WARN]: To change this, set "online-mode" to "true" in the server.properties file.
[03:03:43] [Server thread/INFO]: Preparing level "world"
[03:03:51] [Server thread/INFO]: Preparing start region for dimension minecraft:overworld
[03:03:52] [Worker-Main-1/INFO]: Preparing spawn area: 0%
[03:03:52] [Worker-Main-1/INFO]: Preparing spawn area: 0%
[03:03:52] [Worker-Main-1/INFO]: Preparing spawn area: 12%
[03:03:52] [Worker-Main-1/INFO]: Preparing spawn area: 57%
[03:03:52] [Server thread/INFO]: Time elapsed: 1711 ms
[03:03:52] [Server thread/INFO]: Done (9.081s)! For help, type "help"
[03:04:19] [Server thread/INFO]: panchi06[/100.120.60.17:61018] logged in with entity id 20 at (895.5, 76.0, 1778.5)
[03:04:19] [Server thread/INFO]: panchi06 joined the game
[03:04:21] [Server thread/WARN]: Can't keep up! Is the server overloaded? Running 2723ms or 54 ticks behind
[03:12:46] [Server thread/INFO]: panchi06 lost connection: Disconnected
[03:12:46] [Server thread/INFO]: panchi06 left the game
